    11>D:\projects\mipt2024s-3-check\mipt2024s-3-ishkhanian-d\prj.app\jsonreader\jsonreader.cpp(3,10): error C1083: Cannot open include file: 'nlohmann/json.hpp': No such file or directory [D:\projects\mipt2024s-3-check\mipt2024s-3-ishkhanian-d\build.check\prj.app\jsonreader\jsonreader.vcxproj]
     6>doctest_stackarrt_moveable.obj : error LNK2019: unresolved external symbol "public: __cdecl StackArr::StackArr(int)" (??0StackArr@@QEAA@H@Z) referenced in function "void __cdecl DOCTEST_ANON_FUNC_16(void)" (?DOCTEST_ANON_FUNC_16@@YAXXZ) [D:\projects\mipt2024s-3-check\mipt2024s-3-ishkhanian-d\build.check\prj.check\prj.check\doctest_stackarrt\doctest_stackarrt_m.vcxproj]
     6>doctest_stackarrt_moveable.obj : error LNK2019: unresolved external symbol "public: __cdecl StackArr::StackArr(class StackArr &&)" (??0StackArr@@QEAA@$$QEAV0@@Z) referenced in function "void __cdecl DOCTEST_ANON_FUNC_16(void)" (?DOCTEST_ANON_FUNC_16@@YAXXZ) [D:\projects\mipt2024s-3-check\mipt2024s-3-ishkhanian-d\build.check\prj.check\prj.check\doctest_stackarrt\doctest_stackarrt_m.vcxproj]
     6>doctest_stackarrt_moveable.obj : error LNK2019: unresolved external symbol "public: __cdecl StackArr::~StackArr(void)" (??1StackArr@@QEAA@XZ) referenced in function "void __cdecl DOCTEST_ANON_FUNC_16(void)" (?DOCTEST_ANON_FUNC_16@@YAXXZ) [D:\projects\mipt2024s-3-check\mipt2024s-3-ishkhanian-d\build.check\prj.check\prj.check\doctest_stackarrt\doctest_stackarrt_m.vcxproj]
     6>doctest_stackarrt_moveable.obj : error LNK2019: unresolved external symbol "public: float & __cdecl StackArr::Top(void)" (?Top@StackArr@@QEAAAEAMXZ) referenced in function "void __cdecl DOCTEST_ANON_FUNC_16(void)" (?DOCTEST_ANON_FUNC_16@@YAXXZ) [D:\projects\mipt2024s-3-check\mipt2024s-3-ishkhanian-d\build.check\prj.check\prj.check\doctest_stackarrt\doctest_stackarrt_m.vcxproj]
     6>doctest_stackarrt_moveable.obj : error LNK2019: unresolved external symbol "public: void __cdecl StackArr::Push(float const &)" (?Push@StackArr@@QEAAXAEBM@Z) referenced in function "void __cdecl DOCTEST_ANON_FUNC_16(void)" (?DOCTEST_ANON_FUNC_16@@YAXXZ) [D:\projects\mipt2024s-3-check\mipt2024s-3-ishkhanian-d\build.check\prj.check\prj.check\doctest_stackarrt\doctest_stackarrt_m.vcxproj]
     6>D:\projects\mipt2024s-3-check\mipt2024s-3-ishkhanian-d\bin.check\doctest_stackarrt_m.exe : fatal error LNK1120: 5 unresolved externals [D:\projects\mipt2024s-3-check\mipt2024s-3-ishkhanian-d\build.check\prj.check\prj.check\doctest_stackarrt\doctest_stackarrt_m.vcxproj]
